<?xml version="1.0" encoding="UTF-8"?>
<testsuite xmlns:xsi="http://www.w3.org/2001/XMLSchema-instance" xsi:noNamespaceSchemaLocation="https://maven.apache.org/surefire/maven-surefire-plugin/xsd/surefire-test-report-3.0.xsd" version="3.0" name="es.iesguzman.productos.service.ProductoServiceIntegrationTest" time="3.209" tests="5" errors="0" skipped="0" failures="0">
  <properties>
[...]
</properties>
  <testcase name="testSave" classname="es.iesguzman.productos.service.ProductoServiceIntegrationTest" time="0.119">
    <system-out><![CDATA[2025-11-16T10:29:14.068+01:00  INFO 13888 --- [           main] t.c.s.AnnotationConfigContextLoaderUtils : Could not detect default configuration classes for test class [es.iesguzman.productos.service.ProductoServiceIntegrationTest]: ProductoServiceIntegrationTest does not declare any static, non-private, non-final, nested classes annotated with @Configuration.
2025-11-16T10:29:14.097+01:00  INFO 13888 --- [           main] .b.t.c.SpringBootTestContextBootstrapper : Found @SpringBootConfiguration es.iesguzman.productos.DemoApplication for test class es.iesguzman.productos.service.ProductoServiceIntegrationTest

  .   ____          _            __ _ _
 /\\ / ___'_ __ _ _(_)_ __  __ _ \ \ \ \
( ( )\___ | '_ | '_| | '_ \/ _` | \ \ \ \
 \\/  ___)| |_)| | | | | || (_| |  ) ) ) )
  '  |____| .__|_| |_|_| |_\__, | / / / /
 =========|_|==============|___/=/_/_/_/

 :: Spring Boot ::                (v3.3.3)

2025-11-16T10:29:14.128+01:00  INFO 13888 --- [           main] e.i.p.s.ProductoServiceIntegrationTest   : Starting ProductoServiceIntegrationTest using Java 21.0.8 with PID 13888 (started by madrid in C:\Users\madrid\ws\Labs_DWES_2526\T1\UT5\productos-api-test-dto)
2025-11-16T10:29:14.128+01:00  INFO 13888 --- [           main] e.i.p.s.ProductoServiceIntegrationTest   : No active profile set, falling back to 1 default profile: "default"
2025-11-16T10:29:14.531+01:00  INFO 13888 --- [           main] .s.d.r.c.RepositoryConfigurationDelegate : Bootstrapping Spring Data JPA repositories in DEFAULT mode.
2025-11-16T10:29:14.629+01:00  INFO 13888 --- [           main] .s.d.r.c.RepositoryConfigurationDelegate : Finished Spring Data repository scanning in 84 ms. Found 1 JPA repository interface.
2025-11-16T10:29:15.024+01:00  INFO 13888 --- [           main] o.hibernate.jpa.internal.util.LogHelper  : HHH000204: Processing PersistenceUnitInfo [name: default]
2025-11-16T10:29:15.093+01:00  INFO 13888 --- [           main] org.hibernate.Version                    : HHH000412: Hibernate ORM core version 6.5.2.Final
2025-11-16T10:29:15.130+01:00  INFO 13888 --- [           main] o.h.c.internal.RegionFactoryInitiator    : HHH000026: Second-level cache disabled
2025-11-16T10:29:15.256+01:00  INFO 13888 --- [           main] o.s.o.j.p.SpringPersistenceUnitInfo      : No LoadTimeWeaver setup: ignoring JPA class transformer
2025-11-16T10:29:15.282+01:00  INFO 13888 --- [           main] com.zaxxer.hikari.HikariDataSource       : HikariPool-1 - Starting...
2025-11-16T10:29:15.431+01:00  INFO 13888 --- [           main] com.zaxxer.hikari.pool.HikariPool        : HikariPool-1 - Added connection conn0: url=jdbc:h2:mem:productosdb user=SA
2025-11-16T10:29:15.432+01:00  INFO 13888 --- [           main] com.zaxxer.hikari.HikariDataSource       : HikariPool-1 - Start completed.
2025-11-16T10:29:16.121+01:00  INFO 13888 --- [           main] o.h.e.t.j.p.i.JtaPlatformInitiator       : HHH000489: No JTA platform available (set 'hibernate.transaction.jta.platform' to enable JTA platform integration)
Hibernate: drop table if exists producto cascade 
Hibernate: create table producto (precio float(53), stock integer, id bigint generated by default as identity, categoria varchar(255), nombre varchar(255), primary key (id))
2025-11-16T10:29:16.156+01:00  INFO 13888 --- [           main] j.LocalContainerEntityManagerFactoryBean : Initialized JPA EntityManagerFactory for persistence unit 'default'
2025-11-16T10:29:16.635+01:00  WARN 13888 --- [           main] JpaBaseConfiguration$JpaWebConfiguration : spring.jpa.open-in-view is enabled by default. Therefore, database queries may be performed during view rendering. Explicitly configure spring.jpa.open-in-view to disable this warning
2025-11-16T10:29:16.740+01:00  INFO 13888 --- [           main] o.s.b.a.h2.H2ConsoleAutoConfiguration    : H2 console available at '/h2-console'. Database available at 'jdbc:h2:mem:productosdb'
2025-11-16T10:29:16.793+01:00  INFO 13888 --- [           main] e.i.p.s.ProductoServiceIntegrationTest   : Started ProductoServiceIntegrationTest in 2.685 seconds (process running for 7.462)
Hibernate: insert into producto (categoria,nombre,precio,stock,id) values (?,?,?,?,default)
]]></system-out>
  </testcase>
  <testcase name="testFindByIdNotFound" classname="es.iesguzman.productos.service.ProductoServiceIntegrationTest" time="0.023">
    <system-out><![CDATA[Hibernate: select p1_0.id,p1_0.categoria,p1_0.nombre,p1_0.precio,p1_0.stock from producto p1_0 where p1_0.id=?
]]></system-out>
  </testcase>
  <testcase name="testFindByIdFound" classname="es.iesguzman.productos.service.ProductoServiceIntegrationTest" time="0.005">
    <system-out><![CDATA[Hibernate: insert into producto (categoria,nombre,precio,stock,id) values (?,?,?,?,default)
]]></system-out>
  </testcase>
  <testcase name="testDelete" classname="es.iesguzman.productos.service.ProductoServiceIntegrationTest" time="0.01">
    <system-out><![CDATA[Hibernate: insert into producto (categoria,nombre,precio,stock,id) values (?,?,?,?,default)
]]></system-out>
  </testcase>
  <testcase name="testUpdateNotExists" classname="es.iesguzman.productos.service.ProductoServiceIntegrationTest" time="0.316">
    <system-out><![CDATA[Hibernate: select count(*) from producto p1_0 where p1_0.id=?
]]></system-out>
  </testcase>
</testsuite>