<?xml version="1.0" encoding="UTF-8"?>
<testsuite xmlns:xsi="http://www.w3.org/2001/XMLSchema-instance" xsi:noNamespaceSchemaLocation="https://maven.apache.org/surefire/maven-surefire-plugin/xsd/surefire-test-report-3.0.xsd" version="3.0" name="es.iesguzman.demo.controller.ResenaControllerIntegrationTest" time="1.415" tests="11" errors="4" skipped="0" failures="0">
  <properties>
[...]
</properties>
  <testcase name="testUpdateResenaExistenteRetorna200" classname="es.iesguzman.demo.controller.ResenaControllerIntegrationTest" time="0.025">
    <error message="Java 8 date/time type `java.time.LocalDateTime` not supported by default: add Module &quot;com.fasterxml.jackson.datatype:jackson-datatype-jsr310&quot; to enable handling&#10; at [Source: REDACTED (`StreamReadFeature.INCLUDE_SOURCE_IN_LOCATION` disabled); line: 1, column: 109] (through reference chain: es.iesguzman.demo.dto.ResenaResponseDto[&quot;fechaCreacion&quot;])" type="com.fasterxml.jackson.databind.exc.InvalidDefinitionException"><![CDATA[com.fasterxml.jackson.databind.exc.InvalidDefinitionException: 
Java 8 date/time type `java.time.LocalDateTime` not supported by default: add Module "com.fasterxml.jackson.datatype:jackson-datatype-jsr310" to enable handling
 at [Source: REDACTED (`StreamReadFeature.INCLUDE_SOURCE_IN_LOCATION` disabled); line: 1, column: 109] (through reference chain: es.iesguzman.demo.dto.ResenaResponseDto["fechaCreacion"])
	at com.fasterxml.jackson.databind.exc.InvalidDefinitionException.from(InvalidDefinitionException.java:67)
	at com.fasterxml.jackson.databind.DeserializationContext.reportBadDefinition(DeserializationContext.java:1887)
	at com.fasterxml.jackson.databind.deser.impl.UnsupportedTypeDeserializer.deserialize(UnsupportedTypeDeserializer.java:48)
	at com.fasterxml.jackson.databind.deser.impl.MethodProperty.deserializeAndSet(MethodProperty.java:129)
	at com.fasterxml.jackson.databind.deser.BeanDeserializer.vanillaDeserialize(BeanDeserializer.java:310)
	at com.fasterxml.jackson.databind.deser.BeanDeserializer.deserialize(BeanDeserializer.java:177)
	at com.fasterxml.jackson.databind.deser.DefaultDeserializationContext.readRootValue(DefaultDeserializationContext.java:342)
	at com.fasterxml.jackson.databind.ObjectMapper._readMapAndClose(ObjectMapper.java:4905)
	at com.fasterxml.jackson.databind.ObjectMapper.readValue(ObjectMapper.java:3848)
	at com.fasterxml.jackson.databind.ObjectMapper.readValue(ObjectMapper.java:3816)
	at es.iesguzman.demo.controller.ResenaControllerIntegrationTest.testUpdateResenaExistenteRetorna200(ResenaControllerIntegrationTest.java:192)
	at java.base/java.lang.reflect.Method.invoke(Method.java:580)
	at java.base/java.util.ArrayList.forEach(ArrayList.java:1596)
	at java.base/java.util.ArrayList.forEach(ArrayList.java:1596)
]]></error>
    <system-out><![CDATA[2025-11-19T21:21:31.058+01:00  INFO 11656 --- [           main] t.c.s.AnnotationConfigContextLoaderUtils : Could not detect default configuration classes for test class [es.iesguzman.demo.controller.ResenaControllerIntegrationTest]: ResenaControllerIntegrationTest does not declare any static, non-private, non-final, nested classes annotated with @Configuration.
2025-11-19T21:21:31.061+01:00  INFO 11656 --- [           main] .b.t.c.SpringBootTestContextBootstrapper : Found @SpringBootConfiguration es.iesguzman.demo.MainApplication for test class es.iesguzman.demo.controller.ResenaControllerIntegrationTest

  .   ____          _            __ _ _
 /\\ / ___'_ __ _ _(_)_ __  __ _ \ \ \ \
( ( )\___ | '_ | '_| | '_ \/ _` | \ \ \ \
 \\/  ___)| |_)| | | | | || (_| |  ) ) ) )
  '  |____| .__|_| |_|_| |_\__, | / / / /
 =========|_|==============|___/=/_/_/_/

 :: Spring Boot ::                (v3.3.4)

2025-11-19T21:21:31.084+01:00  INFO 11656 --- [           main] e.i.d.c.ResenaControllerIntegrationTest  : Starting ResenaControllerIntegrationTest using Java 21.0.8 with PID 11656 (started by madrid in C:\Users\madrid\ws\Labs_DWES_2526\T1\UT5\Labs\Lab4)
2025-11-19T21:21:31.084+01:00 DEBUG 11656 --- [           main] e.i.d.c.ResenaControllerIntegrationTest  : Running with Spring Boot v3.3.4, Spring v6.1.13
2025-11-19T21:21:31.084+01:00  INFO 11656 --- [           main] e.i.d.c.ResenaControllerIntegrationTest  : No active profile set, falling back to 1 default profile: "default"
2025-11-19T21:21:31.085+01:00 DEBUG 11656 --- [           main] o.s.w.c.s.GenericWebApplicationContext   : Refreshing org.springframework.web.context.support.GenericWebApplicationContext@3dcd951b
2025-11-19T21:21:31.430+01:00  INFO 11656 --- [           main] .s.d.r.c.RepositoryConfigurationDelegate : Bootstrapping Spring Data JPA repositories in DEFAULT mode.
2025-11-19T21:21:31.453+01:00  INFO 11656 --- [           main] .s.d.r.c.RepositoryConfigurationDelegate : Finished Spring Data repository scanning in 22 ms. Found 5 JPA repository interfaces.
2025-11-19T21:21:31.640+01:00  INFO 11656 --- [           main] o.hibernate.jpa.internal.util.LogHelper  : HHH000204: Processing PersistenceUnitInfo [name: default]
2025-11-19T21:21:31.641+01:00  INFO 11656 --- [           main] o.h.c.internal.RegionFactoryInitiator    : HHH000026: Second-level cache disabled
2025-11-19T21:21:31.647+01:00  INFO 11656 --- [           main] o.s.o.j.p.SpringPersistenceUnitInfo      : No LoadTimeWeaver setup: ignoring JPA class transformer
2025-11-19T21:21:31.648+01:00  INFO 11656 --- [           main] com.zaxxer.hikari.HikariDataSource       : HikariPool-4 - Starting...
2025-11-19T21:21:31.665+01:00  INFO 11656 --- [           main] com.zaxxer.hikari.pool.HikariPool        : HikariPool-4 - Added connection com.mysql.cj.jdbc.ConnectionImpl@5a9dd35
2025-11-19T21:21:31.665+01:00  INFO 11656 --- [           main] com.zaxxer.hikari.HikariDataSource       : HikariPool-4 - Start completed.
2025-11-19T21:21:31.751+01:00  INFO 11656 --- [           main] o.h.e.t.j.p.i.JtaPlatformInitiator       : HHH000489: No JTA platform available (set 'hibernate.transaction.jta.platform' to enable JTA platform integration)
2025-11-19T21:21:31.827+01:00  INFO 11656 --- [           main] j.LocalContainerEntityManagerFactoryBean : Initialized JPA EntityManagerFactory for persistence unit 'default'
2025-11-19T21:21:32.008+01:00  WARN 11656 --- [           main] JpaBaseConfiguration$JpaWebConfiguration : spring.jpa.open-in-view is enabled by default. Therefore, database queries may be performed during view rendering. Explicitly configure spring.jpa.open-in-view to disable this warning
2025-11-19T21:21:32.044+01:00 DEBUG 11656 --- [           main] s.w.s.m.m.a.RequestMappingHandlerMapping : 32 mappings in 'requestMappingHandlerMapping'
2025-11-19T21:21:32.109+01:00 DEBUG 11656 --- [           main] o.s.w.s.handler.SimpleUrlHandlerMapping  : Patterns [/webjars/**, /**] in 'resourceHandlerMapping'
2025-11-19T21:21:32.121+01:00 DEBUG 11656 --- [           main] s.w.s.m.m.a.RequestMappingHandlerAdapter : ControllerAdvice beans: 0 @ModelAttribute, 0 @InitBinder, 1 RequestBodyAdvice, 1 ResponseBodyAdvice
2025-11-19T21:21:32.128+01:00 DEBUG 11656 --- [           main] .m.m.a.ExceptionHandlerExceptionResolver : ControllerAdvice beans: 1 @ExceptionHandler, 1 ResponseBodyAdvice
2025-11-19T21:21:32.303+01:00 DEBUG 11656 --- [           main] o.s.w.f.ServerHttpObservationFilter      : Filter 'webMvcObservationFilter' configured for use
2025-11-19T21:21:32.303+01:00  INFO 11656 --- [           main] o.s.b.t.m.w.SpringBootMockServletContext : Initializing Spring TestDispatcherServlet ''
2025-11-19T21:21:32.303+01:00  INFO 11656 --- [           main] o.s.t.web.servlet.TestDispatcherServlet  : Initializing Servlet ''
2025-11-19T21:21:32.307+01:00  INFO 11656 --- [           main] o.s.b.a.e.web.EndpointLinksResolver      : Exposing 2 endpoints beneath base path '/actuator'
2025-11-19T21:21:32.315+01:00  INFO 11656 --- [           main] o.s.t.web.servlet.TestDispatcherServlet  : Completed initialization in 12 ms
2025-11-19T21:21:32.327+01:00  INFO 11656 --- [           main] e.i.d.c.ResenaControllerIntegrationTest  : Started ResenaControllerIntegrationTest in 1.261 seconds (process running for 22.931)
2025-11-19T21:21:32.335+01:00 DEBUG 11656 --- [           main] s.w.s.m.m.a.RequestMappingHandlerMapping : Mapped to es.iesguzman.demo.controller.ResenaController#updateResena(Long, ResenaRequestDto)
2025-11-19T21:21:32.339+01:00 DEBUG 11656 --- [           main] m.m.a.RequestResponseBodyMethodProcessor : Read "application/json;charset=UTF-8" to [ResenaRequestDto(usuarioId=1, productoId=1, calificacion=4, comentario=Producto actualizado)]
2025-11-19T21:21:32.349+01:00 DEBUG 11656 --- [           main] o.s.w.s.m.m.a.HttpEntityMethodProcessor  : Using 'application/json', given [*/*] and supported [application/json, application/*+json]
2025-11-19T21:21:32.349+01:00 DEBUG 11656 --- [           main] o.s.w.s.m.m.a.HttpEntityMethodProcessor  : Writing [ResenaResponseDto(id=1, usuario=null, producto=null, calificacion=4, comentario=Producto actualizado (truncated)...]

MockHttpServletRequest:
      HTTP Method = PUT
      Request URI = /api/resenas/1
       Parameters = {}
          Headers = [Content-Type:"application/json;charset=UTF-8", Content-Length:"87"]
             Body = {"usuarioId": 1,"productoId": 1,"calificacion": 4,"comentario": "Producto actualizado"}
    Session Attrs = {}

Handler:
             Type = es.iesguzman.demo.controller.ResenaController
           Method = es.iesguzman.demo.controller.ResenaController#updateResena(Long, ResenaRequestDto)

Async:
    Async started = false
     Async result = null

Resolved Exception:
             Type = null

ModelAndView:
        View name = null
             View = null
            Model = null

FlashMap:
       Attributes = null

MockHttpServletResponse:
           Status = 200
    Error message = null
          Headers = [Content-Type:"application/json"]
     Content type = application/json
             Body = {"id":1,"usuario":null,"producto":null,"calificacion":4,"comentario":"Producto actualizado","fechaCreacion":"2025-11-19T21:21:32.3345807"}
    Forwarded URL = null
   Redirected URL = null
          Cookies = []
]]></system-out>
  </testcase>
  <testcase name="testDeleteResenaNoExistenteRetorna404" classname="es.iesguzman.demo.controller.ResenaControllerIntegrationTest" time="0.015">
    <system-out><![CDATA[2025-11-19T21:21:32.359+01:00 DEBUG 11656 --- [           main] s.w.s.m.m.a.RequestMappingHandlerMapping : Mapped to es.iesguzman.demo.controller.ResenaController#deleteResena(Long)
2025-11-19T21:21:32.361+01:00 DEBUG 11656 --- [           main] .m.m.a.ExceptionHandlerExceptionResolver : Using @ExceptionHandler es.iesguzman.demo.exception.GlobalExceptionHandler#handleNotFoundException(RuntimeException)
2025-11-19T21:21:32.365+01:00 DEBUG 11656 --- [           main] o.s.w.s.m.m.a.HttpEntityMethodProcessor  : Using 'application/json', given [*/*] and supported [application/json, application/*+json]
2025-11-19T21:21:32.367+01:00 DEBUG 11656 --- [           main] o.s.w.s.m.m.a.HttpEntityMethodProcessor  : Writing [ErrorResponse(status=404, message=Reseña no encontrada, errors=null, timestamp=2025-11-19T21:21:32.3 (truncated)...]
2025-11-19T21:21:32.368+01:00 DEBUG 11656 --- [           main] .m.m.a.ExceptionHandlerExceptionResolver : Resolved [es.iesguzman.demo.exception.ResenaNotFoundException: Reseña no encontrada]
]]></system-out>
  </testcase>
  <testcase name="testDeleteResenaRetorna204" classname="es.iesguzman.demo.controller.ResenaControllerIntegrationTest" time="0.008">
    <system-out><![CDATA[2025-11-19T21:21:32.378+01:00 DEBUG 11656 --- [           main] s.w.s.m.m.a.RequestMappingHandlerMapping : Mapped to es.iesguzman.demo.controller.ResenaController#deleteResena(Long)
2025-11-19T21:21:32.379+01:00 DEBUG 11656 --- [           main] o.s.w.s.m.m.a.HttpEntityMethodProcessor  : Using 'application/json', given [*/*] and supported [application/json, application/*+json]
2025-11-19T21:21:32.379+01:00 DEBUG 11656 --- [           main] o.s.w.s.m.m.a.HttpEntityMethodProcessor  : Nothing to write: null body
]]></system-out>
  </testcase>
  <testcase name="testGetResenasByUsuarioRetorna200" classname="es.iesguzman.demo.controller.ResenaControllerIntegrationTest" time="0.01">
    <system-out><![CDATA[2025-11-19T21:21:32.385+01:00 DEBUG 11656 --- [           main] s.w.s.m.m.a.RequestMappingHandlerMapping : Mapped to es.iesguzman.demo.controller.ResenaController#getResenasByUsuario(Long)
2025-11-19T21:21:32.388+01:00 DEBUG 11656 --- [           main] o.s.w.s.m.m.a.HttpEntityMethodProcessor  : Using 'application/json', given [*/*] and supported [application/json, application/*+json]
2025-11-19T21:21:32.388+01:00 DEBUG 11656 --- [           main] o.s.w.s.m.m.a.HttpEntityMethodProcessor  : Writing [[ResenaResponseDto(id=1, usuario=null, producto=null, calificacion=5, comentario=Excelente, fechaCre (truncated)...]
]]></system-out>
  </testcase>
  <testcase name="testGetResenaByIdRetorna200" classname="es.iesguzman.demo.controller.ResenaControllerIntegrationTest" time="0.007">
    <error message="Java 8 date/time type `java.time.LocalDateTime` not supported by default: add Module &quot;com.fasterxml.jackson.datatype:jackson-datatype-jsr310&quot; to enable handling&#10; at [Source: REDACTED (`StreamReadFeature.INCLUDE_SOURCE_IN_LOCATION` disabled); line: 1, column: 107] (through reference chain: es.iesguzman.demo.dto.ResenaResponseDto[&quot;fechaCreacion&quot;])" type="com.fasterxml.jackson.databind.exc.InvalidDefinitionException"><![CDATA[com.fasterxml.jackson.databind.exc.InvalidDefinitionException: 
Java 8 date/time type `java.time.LocalDateTime` not supported by default: add Module "com.fasterxml.jackson.datatype:jackson-datatype-jsr310" to enable handling
 at [Source: REDACTED (`StreamReadFeature.INCLUDE_SOURCE_IN_LOCATION` disabled); line: 1, column: 107] (through reference chain: es.iesguzman.demo.dto.ResenaResponseDto["fechaCreacion"])
	at com.fasterxml.jackson.databind.exc.InvalidDefinitionException.from(InvalidDefinitionException.java:67)
	at com.fasterxml.jackson.databind.DeserializationContext.reportBadDefinition(DeserializationContext.java:1887)
	at com.fasterxml.jackson.databind.deser.impl.UnsupportedTypeDeserializer.deserialize(UnsupportedTypeDeserializer.java:48)
	at com.fasterxml.jackson.databind.deser.impl.MethodProperty.deserializeAndSet(MethodProperty.java:129)
	at com.fasterxml.jackson.databind.deser.BeanDeserializer.vanillaDeserialize(BeanDeserializer.java:310)
	at com.fasterxml.jackson.databind.deser.BeanDeserializer.deserialize(BeanDeserializer.java:177)
	at com.fasterxml.jackson.databind.deser.DefaultDeserializationContext.readRootValue(DefaultDeserializationContext.java:342)
	at com.fasterxml.jackson.databind.ObjectMapper._readMapAndClose(ObjectMapper.java:4905)
	at com.fasterxml.jackson.databind.ObjectMapper.readValue(ObjectMapper.java:3848)
	at com.fasterxml.jackson.databind.ObjectMapper.readValue(ObjectMapper.java:3816)
	at es.iesguzman.demo.controller.ResenaControllerIntegrationTest.testGetResenaByIdRetorna200(ResenaControllerIntegrationTest.java:87)
	at java.base/java.lang.reflect.Method.invoke(Method.java:580)
	at java.base/java.util.ArrayList.forEach(ArrayList.java:1596)
	at java.base/java.util.ArrayList.forEach(ArrayList.java:1596)
]]></error>
    <system-out><![CDATA[2025-11-19T21:21:32.396+01:00 DEBUG 11656 --- [           main] s.w.s.m.m.a.RequestMappingHandlerMapping : Mapped to es.iesguzman.demo.controller.ResenaController#getResenaById(Long)
2025-11-19T21:21:32.397+01:00 DEBUG 11656 --- [           main] o.s.w.s.m.m.a.HttpEntityMethodProcessor  : Using 'application/json', given [*/*] and supported [application/json, application/*+json]
2025-11-19T21:21:32.397+01:00 DEBUG 11656 --- [           main] o.s.w.s.m.m.a.HttpEntityMethodProcessor  : Writing [ResenaResponseDto(id=1, usuario=null, producto=null, calificacion=5, comentario=Excelente producto,  (truncated)...]

MockHttpServletRequest:
      HTTP Method = GET
      Request URI = /api/resenas/1
       Parameters = {}
          Headers = []
             Body = null
    Session Attrs = {}

Handler:
             Type = es.iesguzman.demo.controller.ResenaController
           Method = es.iesguzman.demo.controller.ResenaController#getResenaById(Long)

Async:
    Async started = false
     Async result = null

Resolved Exception:
             Type = null

ModelAndView:
        View name = null
             View = null
            Model = null

FlashMap:
       Attributes = null

MockHttpServletResponse:
           Status = 200
    Error message = null
          Headers = [Content-Type:"application/json"]
     Content type = application/json
             Body = {"id":1,"usuario":null,"producto":null,"calificacion":5,"comentario":"Excelente producto","fechaCreacion":"2025-11-19T21:21:32.3948279"}
    Forwarded URL = null
   Redirected URL = null
          Cookies = []
]]></system-out>
  </testcase>
  <testcase name="testGetResenaByIdRetorna404" classname="es.iesguzman.demo.controller.ResenaControllerIntegrationTest" time="0.007">
    <system-out><![CDATA[2025-11-19T21:21:32.408+01:00 DEBUG 11656 --- [           main] s.w.s.m.m.a.RequestMappingHandlerMapping : Mapped to es.iesguzman.demo.controller.ResenaController#getResenaById(Long)
2025-11-19T21:21:32.409+01:00 DEBUG 11656 --- [           main] .m.m.a.ExceptionHandlerExceptionResolver : Using @ExceptionHandler es.iesguzman.demo.exception.GlobalExceptionHandler#handleNotFoundException(RuntimeException)
2025-11-19T21:21:32.409+01:00 DEBUG 11656 --- [           main] o.s.w.s.m.m.a.HttpEntityMethodProcessor  : Using 'application/json', given [*/*] and supported [application/json, application/*+json]
2025-11-19T21:21:32.409+01:00 DEBUG 11656 --- [           main] o.s.w.s.m.m.a.HttpEntityMethodProcessor  : Writing [ErrorResponse(status=404, message=Reseña no encontrada, errors=null, timestamp=2025-11-19T21:21:32.4 (truncated)...]
2025-11-19T21:21:32.409+01:00 DEBUG 11656 --- [           main] .m.m.a.ExceptionHandlerExceptionResolver : Resolved [es.iesguzman.demo.exception.ResenaNotFoundException: Reseña no encontrada]
]]></system-out>
  </testcase>
  <testcase name="testCreateResenaConDatosInvalidosRetorna400" classname="es.iesguzman.demo.controller.ResenaControllerIntegrationTest" time="0.012">
    <system-out><![CDATA[2025-11-19T21:21:32.415+01:00 DEBUG 11656 --- [           main] s.w.s.m.m.a.RequestMappingHandlerMapping : Mapped to es.iesguzman.demo.controller.ResenaController#createResena(ResenaRequestDto)
2025-11-19T21:21:32.416+01:00 DEBUG 11656 --- [           main] m.m.a.RequestResponseBodyMethodProcessor : Read "application/json;charset=UTF-8" to [ResenaRequestDto(usuarioId=1, productoId=1, calificacion=6, comentario=Comentario)]
2025-11-19T21:21:32.417+01:00 DEBUG 11656 --- [           main] .m.m.a.ExceptionHandlerExceptionResolver : Using @ExceptionHandler es.iesguzman.demo.exception.GlobalExceptionHandler#handleValidationException(MethodArgumentNotValidException)
2025-11-19T21:21:32.418+01:00 DEBUG 11656 --- [           main] o.s.w.s.m.m.a.HttpEntityMethodProcessor  : Using 'application/json', given [*/*] and supported [application/json, application/*+json]
2025-11-19T21:21:32.418+01:00 DEBUG 11656 --- [           main] o.s.w.s.m.m.a.HttpEntityMethodProcessor  : Writing [ErrorResponse(status=400, message=Datos inválidos, errors=[calificacion: La calificación no puede se (truncated)...]
2025-11-19T21:21:32.419+01:00 DEBUG 11656 --- [           main] .m.m.a.ExceptionHandlerExceptionResolver : Resolved [org.springframework.web.bind.MethodArgumentNotValidException: Validation failed for argument [0] in public org.springframework.http.ResponseEntity<es.iesguzman.demo.dto.ResenaResponseDto> es.iesguzman.demo.controller.ResenaController.createResena(es.iesguzman.demo.dto.ResenaRequestDto): [Field error in object 'resenaRequestDto' on field 'calificacion': rejected value [6]; codes [Max.resenaRequestDto.calificacion,Max.calificacion,Max.java.lang.Integer,Max]; arguments [org.springframework.context.support.DefaultMessageSourceResolvable: codes [resenaRequestDto.calificacion,calificacion]; arguments []; default message [calificacion],5]; default message [La calificación no puede ser mayor a 5]] ]
]]></system-out>
  </testcase>
  <testcase name="testGetResenasByProductoRetorna200" classname="es.iesguzman.demo.controller.ResenaControllerIntegrationTest" time="0.009">
    <system-out><![CDATA[2025-11-19T21:21:32.427+01:00 DEBUG 11656 --- [           main] s.w.s.m.m.a.RequestMappingHandlerMapping : Mapped to es.iesguzman.demo.controller.ResenaController#getResenasByProducto(Long)
2025-11-19T21:21:32.428+01:00 DEBUG 11656 --- [           main] o.s.w.s.m.m.a.HttpEntityMethodProcessor  : Using 'application/json', given [*/*] and supported [application/json, application/*+json]
2025-11-19T21:21:32.428+01:00 DEBUG 11656 --- [           main] o.s.w.s.m.m.a.HttpEntityMethodProcessor  : Writing [[ResenaResponseDto(id=1, usuario=null, producto=null, calificacion=5, comentario=Excelente, fechaCre (truncated)...]
]]></system-out>
  </testcase>
  <testcase name="testGetAllResenasRetorna200" classname="es.iesguzman.demo.controller.ResenaControllerIntegrationTest" time="0.007">
    <error message="Java 8 date/time type `java.time.LocalDateTime` not supported by default: add Module &quot;com.fasterxml.jackson.datatype:jackson-datatype-jsr310&quot; to enable handling&#10; at [Source: REDACTED (`StreamReadFeature.INCLUDE_SOURCE_IN_LOCATION` disabled); line: 1, column: 108] (through reference chain: java.util.ArrayList[0]-&gt;es.iesguzman.demo.dto.ResenaResponseDto[&quot;fechaCreacion&quot;])" type="com.fasterxml.jackson.databind.exc.InvalidDefinitionException"><![CDATA[com.fasterxml.jackson.databind.exc.InvalidDefinitionException: 
Java 8 date/time type `java.time.LocalDateTime` not supported by default: add Module "com.fasterxml.jackson.datatype:jackson-datatype-jsr310" to enable handling
 at [Source: REDACTED (`StreamReadFeature.INCLUDE_SOURCE_IN_LOCATION` disabled); line: 1, column: 108] (through reference chain: java.util.ArrayList[0]->es.iesguzman.demo.dto.ResenaResponseDto["fechaCreacion"])
	at com.fasterxml.jackson.databind.exc.InvalidDefinitionException.from(InvalidDefinitionException.java:67)
	at com.fasterxml.jackson.databind.DeserializationContext.reportBadDefinition(DeserializationContext.java:1887)
	at com.fasterxml.jackson.databind.deser.impl.UnsupportedTypeDeserializer.deserialize(UnsupportedTypeDeserializer.java:48)
	at com.fasterxml.jackson.databind.deser.impl.MethodProperty.deserializeAndSet(MethodProperty.java:129)
	at com.fasterxml.jackson.databind.deser.BeanDeserializer.vanillaDeserialize(BeanDeserializer.java:310)
	at com.fasterxml.jackson.databind.deser.BeanDeserializer.deserialize(BeanDeserializer.java:177)
	at com.fasterxml.jackson.databind.deser.std.CollectionDeserializer._deserializeFromArray(CollectionDeserializer.java:361)
	at com.fasterxml.jackson.databind.deser.std.CollectionDeserializer.deserialize(CollectionDeserializer.java:246)
	at com.fasterxml.jackson.databind.deser.std.CollectionDeserializer.deserialize(CollectionDeserializer.java:30)
	at com.fasterxml.jackson.databind.deser.DefaultDeserializationContext.readRootValue(DefaultDeserializationContext.java:342)
	at com.fasterxml.jackson.databind.ObjectMapper._readMapAndClose(ObjectMapper.java:4905)
	at com.fasterxml.jackson.databind.ObjectMapper.readValue(ObjectMapper.java:3848)
	at es.iesguzman.demo.controller.ResenaControllerIntegrationTest.testGetAllResenasRetorna200(ResenaControllerIntegrationTest.java:60)
	at java.base/java.lang.reflect.Method.invoke(Method.java:580)
	at java.base/java.util.ArrayList.forEach(ArrayList.java:1596)
	at java.base/java.util.ArrayList.forEach(ArrayList.java:1596)
]]></error>
    <system-out><![CDATA[2025-11-19T21:21:32.437+01:00 DEBUG 11656 --- [           main] s.w.s.m.m.a.RequestMappingHandlerMapping : Mapped to es.iesguzman.demo.controller.ResenaController#getAllResenas()
2025-11-19T21:21:32.438+01:00 DEBUG 11656 --- [           main] o.s.w.s.m.m.a.HttpEntityMethodProcessor  : Using 'application/json', given [*/*] and supported [application/json, application/*+json]
2025-11-19T21:21:32.438+01:00 DEBUG 11656 --- [           main] o.s.w.s.m.m.a.HttpEntityMethodProcessor  : Writing [[ResenaResponseDto(id=1, usuario=null, producto=null, calificacion=5, comentario=Excelente producto, (truncated)...]

MockHttpServletRequest:
      HTTP Method = GET
      Request URI = /api/resenas
       Parameters = {}
          Headers = []
             Body = null
    Session Attrs = {}

Handler:
             Type = es.iesguzman.demo.controller.ResenaController
           Method = es.iesguzman.demo.controller.ResenaController#getAllResenas()

Async:
    Async started = false
     Async result = null

Resolved Exception:
             Type = null

ModelAndView:
        View name = null
             View = null
            Model = null

FlashMap:
       Attributes = null

MockHttpServletResponse:
           Status = 200
    Error message = null
          Headers = [Content-Type:"application/json"]
     Content type = application/json
             Body = [{"id":1,"usuario":null,"producto":null,"calificacion":5,"comentario":"Excelente producto","fechaCreacion":"2025-11-19T21:21:32.4364243"},{"id":2,"usuario":null,"producto":null,"calificacion":4,"comentario":"Buen producto","fechaCreacion":"2025-11-19T21:21:32.4364243"}]
    Forwarded URL = null
   Redirected URL = null
          Cookies = []
]]></system-out>
  </testcase>
  <testcase name="testUpdateResenaNoExistenteRetorna404" classname="es.iesguzman.demo.controller.ResenaControllerIntegrationTest" time="0.007">
    <system-out><![CDATA[2025-11-19T21:21:32.445+01:00 DEBUG 11656 --- [           main] s.w.s.m.m.a.RequestMappingHandlerMapping : Mapped to es.iesguzman.demo.controller.ResenaController#updateResena(Long, ResenaRequestDto)
2025-11-19T21:21:32.447+01:00 DEBUG 11656 --- [           main] m.m.a.RequestResponseBodyMethodProcessor : Read "application/json;charset=UTF-8" to [ResenaRequestDto(usuarioId=1, productoId=1, calificacion=5, comentario=Comentario)]
2025-11-19T21:21:32.447+01:00 DEBUG 11656 --- [           main] .m.m.a.ExceptionHandlerExceptionResolver : Using @ExceptionHandler es.iesguzman.demo.exception.GlobalExceptionHandler#handleNotFoundException(RuntimeException)
2025-11-19T21:21:32.447+01:00 DEBUG 11656 --- [           main] o.s.w.s.m.m.a.HttpEntityMethodProcessor  : Using 'application/json', given [*/*] and supported [application/json, application/*+json]
2025-11-19T21:21:32.447+01:00 DEBUG 11656 --- [           main] o.s.w.s.m.m.a.HttpEntityMethodProcessor  : Writing [ErrorResponse(status=404, message=Reseña no encontrada, errors=null, timestamp=2025-11-19T21:21:32.4 (truncated)...]
2025-11-19T21:21:32.448+01:00 DEBUG 11656 --- [           main] .m.m.a.ExceptionHandlerExceptionResolver : Resolved [es.iesguzman.demo.exception.ResenaNotFoundException: Reseña no encontrada]
]]></system-out>
  </testcase>
  <testcase name="testCreateResenaConDatosValidosRetorna201" classname="es.iesguzman.demo.controller.ResenaControllerIntegrationTest" time="0.019">
    <error message="Java 8 date/time type `java.time.LocalDateTime` not supported by default: add Module &quot;com.fasterxml.jackson.datatype:jackson-datatype-jsr310&quot; to enable handling&#10; at [Source: REDACTED (`StreamReadFeature.INCLUDE_SOURCE_IN_LOCATION` disabled); line: 1, column: 107] (through reference chain: es.iesguzman.demo.dto.ResenaResponseDto[&quot;fechaCreacion&quot;])" type="com.fasterxml.jackson.databind.exc.InvalidDefinitionException"><![CDATA[com.fasterxml.jackson.databind.exc.InvalidDefinitionException: 
Java 8 date/time type `java.time.LocalDateTime` not supported by default: add Module "com.fasterxml.jackson.datatype:jackson-datatype-jsr310" to enable handling
 at [Source: REDACTED (`StreamReadFeature.INCLUDE_SOURCE_IN_LOCATION` disabled); line: 1, column: 107] (through reference chain: es.iesguzman.demo.dto.ResenaResponseDto["fechaCreacion"])
	at com.fasterxml.jackson.databind.exc.InvalidDefinitionException.from(InvalidDefinitionException.java:67)
	at com.fasterxml.jackson.databind.DeserializationContext.reportBadDefinition(DeserializationContext.java:1887)
	at com.fasterxml.jackson.databind.deser.impl.UnsupportedTypeDeserializer.deserialize(UnsupportedTypeDeserializer.java:48)
	at com.fasterxml.jackson.databind.deser.impl.MethodProperty.deserializeAndSet(MethodProperty.java:129)
	at com.fasterxml.jackson.databind.deser.BeanDeserializer.vanillaDeserialize(BeanDeserializer.java:310)
	at com.fasterxml.jackson.databind.deser.BeanDeserializer.deserialize(BeanDeserializer.java:177)
	at com.fasterxml.jackson.databind.deser.DefaultDeserializationContext.readRootValue(DefaultDeserializationContext.java:342)
	at com.fasterxml.jackson.databind.ObjectMapper._readMapAndClose(ObjectMapper.java:4905)
	at com.fasterxml.jackson.databind.ObjectMapper.readValue(ObjectMapper.java:3848)
	at com.fasterxml.jackson.databind.ObjectMapper.readValue(ObjectMapper.java:3816)
	at es.iesguzman.demo.controller.ResenaControllerIntegrationTest.testCreateResenaConDatosValidosRetorna201(ResenaControllerIntegrationTest.java:134)
	at java.base/java.lang.reflect.Method.invoke(Method.java:580)
	at java.base/java.util.ArrayList.forEach(ArrayList.java:1596)
	at java.base/java.util.ArrayList.forEach(ArrayList.java:1596)
]]></error>
    <system-out><![CDATA[2025-11-19T21:21:32.457+01:00 DEBUG 11656 --- [           main] s.w.s.m.m.a.RequestMappingHandlerMapping : Mapped to es.iesguzman.demo.controller.ResenaController#createResena(ResenaRequestDto)
2025-11-19T21:21:32.458+01:00 DEBUG 11656 --- [           main] m.m.a.RequestResponseBodyMethodProcessor : Read "application/json;charset=UTF-8" to [ResenaRequestDto(usuarioId=1, productoId=1, calificacion=5, comentario=Excelente producto)]
2025-11-19T21:21:32.459+01:00 DEBUG 11656 --- [           main] o.s.w.s.m.m.a.HttpEntityMethodProcessor  : Using 'application/json', given [*/*] and supported [application/json, application/*+json]
2025-11-19T21:21:32.459+01:00 DEBUG 11656 --- [           main] o.s.w.s.m.m.a.HttpEntityMethodProcessor  : Writing [ResenaResponseDto(id=1, usuario=null, producto=null, calificacion=5, comentario=Excelente producto,  (truncated)...]

MockHttpServletRequest:
      HTTP Method = POST
      Request URI = /api/resenas
       Parameters = {}
          Headers = [Content-Type:"application/json;charset=UTF-8", Content-Length:"85"]
             Body = {"usuarioId": 1,"productoId": 1,"calificacion": 5,"comentario": "Excelente producto"}
    Session Attrs = {}

Handler:
             Type = es.iesguzman.demo.controller.ResenaController
           Method = es.iesguzman.demo.controller.ResenaController#createResena(ResenaRequestDto)

Async:
    Async started = false
     Async result = null

Resolved Exception:
             Type = null

ModelAndView:
        View name = null
             View = null
            Model = null

FlashMap:
       Attributes = null

MockHttpServletResponse:
           Status = 201
    Error message = null
          Headers = [Content-Type:"application/json"]
     Content type = application/json
             Body = {"id":1,"usuario":null,"producto":null,"calificacion":5,"comentario":"Excelente producto","fechaCreacion":"2025-11-19T21:21:32.4557746"}
    Forwarded URL = null
   Redirected URL = null
          Cookies = []
]]></system-out>
  </testcase>
</testsuite>