<?xml version="1.0" encoding="UTF-8"?>
<testsuite xmlns:xsi="http://www.w3.org/2001/XMLSchema-instance" xsi:noNamespaceSchemaLocation="https://maven.apache.org/surefire/maven-surefire-plugin/xsd/surefire-test-report-3.0.xsd" version="3.0" name="es.iesguzman.demo.controller.PedidoControllerIntegrationTest" time="2.575" tests="10" errors="4" skipped="0" failures="0">
  <properties>
[...]
</properties>
  <testcase name="testCreatePedidoConDatosValidosRetorna201" classname="es.iesguzman.demo.controller.PedidoControllerIntegrationTest" time="0.085">
    <error message="Java 8 date/time type `java.time.LocalDateTime` not supported by default: add Module &quot;com.fasterxml.jackson.datatype:jackson-datatype-jsr310&quot; to enable handling&#10; at [Source: REDACTED (`StreamReadFeature.INCLUDE_SOURCE_IN_LOCATION` disabled); line: 1, column: 106] (through reference chain: es.iesguzman.demo.dto.PedidoResponseDto[&quot;fechaCreacion&quot;])" type="com.fasterxml.jackson.databind.exc.InvalidDefinitionException"><![CDATA[com.fasterxml.jackson.databind.exc.InvalidDefinitionException: 
Java 8 date/time type `java.time.LocalDateTime` not supported by default: add Module "com.fasterxml.jackson.datatype:jackson-datatype-jsr310" to enable handling
 at [Source: REDACTED (`StreamReadFeature.INCLUDE_SOURCE_IN_LOCATION` disabled); line: 1, column: 106] (through reference chain: es.iesguzman.demo.dto.PedidoResponseDto["fechaCreacion"])
	at com.fasterxml.jackson.databind.exc.InvalidDefinitionException.from(InvalidDefinitionException.java:67)
	at com.fasterxml.jackson.databind.DeserializationContext.reportBadDefinition(DeserializationContext.java:1887)
	at com.fasterxml.jackson.databind.deser.impl.UnsupportedTypeDeserializer.deserialize(UnsupportedTypeDeserializer.java:48)
	at com.fasterxml.jackson.databind.deser.impl.MethodProperty.deserializeAndSet(MethodProperty.java:129)
	at com.fasterxml.jackson.databind.deser.BeanDeserializer.vanillaDeserialize(BeanDeserializer.java:310)
	at com.fasterxml.jackson.databind.deser.BeanDeserializer.deserialize(BeanDeserializer.java:177)
	at com.fasterxml.jackson.databind.deser.DefaultDeserializationContext.readRootValue(DefaultDeserializationContext.java:342)
	at com.fasterxml.jackson.databind.ObjectMapper._readMapAndClose(ObjectMapper.java:4905)
	at com.fasterxml.jackson.databind.ObjectMapper.readValue(ObjectMapper.java:3848)
	at com.fasterxml.jackson.databind.ObjectMapper.readValue(ObjectMapper.java:3816)
	at es.iesguzman.demo.controller.PedidoControllerIntegrationTest.testCreatePedidoConDatosValidosRetorna201(PedidoControllerIntegrationTest.java:139)
	at java.base/java.lang.reflect.Method.invoke(Method.java:580)
	at java.base/java.util.ArrayList.forEach(ArrayList.java:1596)
	at java.base/java.util.ArrayList.forEach(ArrayList.java:1596)
]]></error>
    <system-out><![CDATA[2025-11-19T21:21:25.860+01:00  INFO 11656 --- [           main] t.c.s.AnnotationConfigContextLoaderUtils : Could not detect default configuration classes for test class [es.iesguzman.demo.controller.PedidoControllerIntegrationTest]: PedidoControllerIntegrationTest does not declare any static, non-private, non-final, nested classes annotated with @Configuration.
2025-11-19T21:21:25.870+01:00  INFO 11656 --- [           main] .b.t.c.SpringBootTestContextBootstrapper : Found @SpringBootConfiguration es.iesguzman.demo.MainApplication for test class es.iesguzman.demo.controller.PedidoControllerIntegrationTest

  .   ____          _            __ _ _
 /\\ / ___'_ __ _ _(_)_ __  __ _ \ \ \ \
( ( )\___ | '_ | '_| | '_ \/ _` | \ \ \ \
 \\/  ___)| |_)| | | | | || (_| |  ) ) ) )
  '  |____| .__|_| |_|_| |_\__, | / / / /
 =========|_|==============|___/=/_/_/_/

 :: Spring Boot ::                (v3.3.4)

2025-11-19T21:21:26.035+01:00  INFO 11656 --- [           main] e.i.d.c.PedidoControllerIntegrationTest  : Starting PedidoControllerIntegrationTest using Java 21.0.8 with PID 11656 (started by madrid in C:\Users\madrid\ws\Labs_DWES_2526\T1\UT5\Labs\Lab4)
2025-11-19T21:21:26.035+01:00 DEBUG 11656 --- [           main] e.i.d.c.PedidoControllerIntegrationTest  : Running with Spring Boot v3.3.4, Spring v6.1.13
2025-11-19T21:21:26.035+01:00  INFO 11656 --- [           main] e.i.d.c.PedidoControllerIntegrationTest  : No active profile set, falling back to 1 default profile: "default"
2025-11-19T21:21:26.045+01:00 DEBUG 11656 --- [           main] o.s.w.c.s.GenericWebApplicationContext   : Refreshing org.springframework.web.context.support.GenericWebApplicationContext@7c3af34a
2025-11-19T21:21:26.768+01:00  INFO 11656 --- [           main] .s.d.r.c.RepositoryConfigurationDelegate : Bootstrapping Spring Data JPA repositories in DEFAULT mode.
2025-11-19T21:21:26.793+01:00  INFO 11656 --- [           main] .s.d.r.c.RepositoryConfigurationDelegate : Finished Spring Data repository scanning in 24 ms. Found 5 JPA repository interfaces.
2025-11-19T21:21:26.992+01:00  INFO 11656 --- [           main] o.hibernate.jpa.internal.util.LogHelper  : HHH000204: Processing PersistenceUnitInfo [name: default]
2025-11-19T21:21:26.994+01:00  INFO 11656 --- [           main] o.h.c.internal.RegionFactoryInitiator    : HHH000026: Second-level cache disabled
2025-11-19T21:21:27.017+01:00  INFO 11656 --- [           main] o.s.o.j.p.SpringPersistenceUnitInfo      : No LoadTimeWeaver setup: ignoring JPA class transformer
2025-11-19T21:21:27.020+01:00  INFO 11656 --- [           main] com.zaxxer.hikari.HikariDataSource       : HikariPool-2 - Starting...
2025-11-19T21:21:27.058+01:00  INFO 11656 --- [           main] com.zaxxer.hikari.pool.HikariPool        : HikariPool-2 - Added connection com.mysql.cj.jdbc.ConnectionImpl@5965c432
2025-11-19T21:21:27.059+01:00  INFO 11656 --- [           main] com.zaxxer.hikari.HikariDataSource       : HikariPool-2 - Start completed.
2025-11-19T21:21:27.187+01:00  INFO 11656 --- [           main] o.h.e.t.j.p.i.JtaPlatformInitiator       : HHH000489: No JTA platform available (set 'hibernate.transaction.jta.platform' to enable JTA platform integration)
2025-11-19T21:21:27.279+01:00  INFO 11656 --- [           main] j.LocalContainerEntityManagerFactoryBean : Initialized JPA EntityManagerFactory for persistence unit 'default'
2025-11-19T21:21:27.626+01:00  WARN 11656 --- [           main] JpaBaseConfiguration$JpaWebConfiguration : spring.jpa.open-in-view is enabled by default. Therefore, database queries may be performed during view rendering. Explicitly configure spring.jpa.open-in-view to disable this warning
2025-11-19T21:21:27.679+01:00 DEBUG 11656 --- [           main] s.w.s.m.m.a.RequestMappingHandlerMapping : 32 mappings in 'requestMappingHandlerMapping'
2025-11-19T21:21:27.735+01:00 DEBUG 11656 --- [           main] o.s.w.s.handler.SimpleUrlHandlerMapping  : Patterns [/webjars/**, /**] in 'resourceHandlerMapping'
2025-11-19T21:21:27.754+01:00 DEBUG 11656 --- [           main] s.w.s.m.m.a.RequestMappingHandlerAdapter : ControllerAdvice beans: 0 @ModelAttribute, 0 @InitBinder, 1 RequestBodyAdvice, 1 ResponseBodyAdvice
2025-11-19T21:21:27.763+01:00 DEBUG 11656 --- [           main] .m.m.a.ExceptionHandlerExceptionResolver : ControllerAdvice beans: 1 @ExceptionHandler, 1 ResponseBodyAdvice
2025-11-19T21:21:28.127+01:00 DEBUG 11656 --- [           main] o.s.w.f.ServerHttpObservationFilter      : Filter 'webMvcObservationFilter' configured for use
2025-11-19T21:21:28.128+01:00  INFO 11656 --- [           main] o.s.b.t.m.w.SpringBootMockServletContext : Initializing Spring TestDispatcherServlet ''
2025-11-19T21:21:28.128+01:00  INFO 11656 --- [           main] o.s.t.web.servlet.TestDispatcherServlet  : Initializing Servlet ''
2025-11-19T21:21:28.138+01:00  INFO 11656 --- [           main] o.s.b.a.e.web.EndpointLinksResolver      : Exposing 2 endpoints beneath base path '/actuator'
2025-11-19T21:21:28.155+01:00  INFO 11656 --- [           main] o.s.t.web.servlet.TestDispatcherServlet  : Completed initialization in 27 ms
2025-11-19T21:21:28.196+01:00  INFO 11656 --- [           main] e.i.d.c.PedidoControllerIntegrationTest  : Started PedidoControllerIntegrationTest in 2.315 seconds (process running for 18.8)
2025-11-19T21:21:28.224+01:00 DEBUG 11656 --- [           main] s.w.s.m.m.a.RequestMappingHandlerMapping : Mapped to es.iesguzman.demo.controller.PedidoController#createPedido(PedidoRequestDto)
2025-11-19T21:21:28.235+01:00 DEBUG 11656 --- [           main] m.m.a.RequestResponseBodyMethodProcessor : Read "application/json;charset=UTF-8" to [PedidoRequestDto(usuarioId=1, productoId=1, cantidad=2)]
2025-11-19T21:21:28.267+01:00 DEBUG 11656 --- [           main] o.s.w.s.m.m.a.HttpEntityMethodProcessor  : Using 'application/json', given [*/*] and supported [application/json, application/*+json]
2025-11-19T21:21:28.269+01:00 DEBUG 11656 --- [           main] o.s.w.s.m.m.a.HttpEntityMethodProcessor  : Writing [PedidoResponseDto(id=1, usuario=null, producto=null, cantidad=2, total=1999.98, estado=PENDIENTE, fe (truncated)...]

MockHttpServletRequest:
      HTTP Method = POST
      Request URI = /api/pedidos
       Parameters = {}
          Headers = [Content-Type:"application/json;charset=UTF-8", Content-Length:"46"]
             Body = {"usuarioId": 1,"productoId": 1,"cantidad": 2}
    Session Attrs = {}

Handler:
             Type = es.iesguzman.demo.controller.PedidoController
           Method = es.iesguzman.demo.controller.PedidoController#createPedido(PedidoRequestDto)

Async:
    Async started = false
     Async result = null

Resolved Exception:
             Type = null

ModelAndView:
        View name = null
             View = null
            Model = null

FlashMap:
       Attributes = null

MockHttpServletResponse:
           Status = 201
    Error message = null
          Headers = [Content-Type:"application/json"]
     Content type = application/json
             Body = {"id":1,"usuario":null,"producto":null,"cantidad":2,"total":1999.98,"estado":"PENDIENTE","fechaCreacion":"2025-11-19T21:21:28.2202326","fechaActualizacion":null}
    Forwarded URL = null
   Redirected URL = null
          Cookies = []
]]></system-out>
  </testcase>
  <testcase name="testGetPedidosByUsuarioRetorna200" classname="es.iesguzman.demo.controller.PedidoControllerIntegrationTest" time="0.02">
    <system-out><![CDATA[2025-11-19T21:21:28.300+01:00 DEBUG 11656 --- [           main] s.w.s.m.m.a.RequestMappingHandlerMapping : Mapped to es.iesguzman.demo.controller.PedidoController#getPedidosByUsuario(Long)
2025-11-19T21:21:28.303+01:00 DEBUG 11656 --- [           main] o.s.w.s.m.m.a.HttpEntityMethodProcessor  : Using 'application/json', given [*/*] and supported [application/json, application/*+json]
2025-11-19T21:21:28.303+01:00 DEBUG 11656 --- [           main] o.s.w.s.m.m.a.HttpEntityMethodProcessor  : Writing [[PedidoResponseDto(id=1, usuario=null, producto=null, cantidad=2, total=1999.98, estado=PENDIENTE, f (truncated)...]
]]></system-out>
  </testcase>
  <testcase name="testUpdateEstadoPedidoNoExistenteRetorna404" classname="es.iesguzman.demo.controller.PedidoControllerIntegrationTest" time="0.014">
    <system-out><![CDATA[2025-11-19T21:21:28.322+01:00 DEBUG 11656 --- [           main] s.w.s.m.m.a.RequestMappingHandlerMapping : Mapped to es.iesguzman.demo.controller.PedidoController#updateEstadoPedido(Long, EstadoPedido)
2025-11-19T21:21:28.324+01:00 DEBUG 11656 --- [           main] m.m.a.RequestResponseBodyMethodProcessor : Read "application/json;charset=UTF-8" to [ENVIADO]
2025-11-19T21:21:28.325+01:00 DEBUG 11656 --- [           main] .m.m.a.ExceptionHandlerExceptionResolver : Using @ExceptionHandler es.iesguzman.demo.exception.GlobalExceptionHandler#handleNotFoundException(RuntimeException)
2025-11-19T21:21:28.330+01:00 DEBUG 11656 --- [           main] o.s.w.s.m.m.a.HttpEntityMethodProcessor  : Using 'application/json', given [*/*] and supported [application/json, application/*+json]
2025-11-19T21:21:28.330+01:00 DEBUG 11656 --- [           main] o.s.w.s.m.m.a.HttpEntityMethodProcessor  : Writing [ErrorResponse(status=404, message=Pedido no encontrado, errors=null, timestamp=2025-11-19T21:21:28.3 (truncated)...]
2025-11-19T21:21:28.331+01:00 DEBUG 11656 --- [           main] .m.m.a.ExceptionHandlerExceptionResolver : Resolved [es.iesguzman.demo.exception.PedidoNotFoundException: Pedido no encontrado]
]]></system-out>
  </testcase>
  <testcase name="testDeletePedidoNoExistenteRetorna404" classname="es.iesguzman.demo.controller.PedidoControllerIntegrationTest" time="0.008">
    <system-out><![CDATA[2025-11-19T21:21:28.337+01:00 DEBUG 11656 --- [           main] s.w.s.m.m.a.RequestMappingHandlerMapping : Mapped to es.iesguzman.demo.controller.PedidoController#deletePedido(Long)
2025-11-19T21:21:28.339+01:00 DEBUG 11656 --- [           main] .m.m.a.ExceptionHandlerExceptionResolver : Using @ExceptionHandler es.iesguzman.demo.exception.GlobalExceptionHandler#handleNotFoundException(RuntimeException)
2025-11-19T21:21:28.339+01:00 DEBUG 11656 --- [           main] o.s.w.s.m.m.a.HttpEntityMethodProcessor  : Using 'application/json', given [*/*] and supported [application/json, application/*+json]
2025-11-19T21:21:28.339+01:00 DEBUG 11656 --- [           main] o.s.w.s.m.m.a.HttpEntityMethodProcessor  : Writing [ErrorResponse(status=404, message=Pedido no encontrado, errors=null, timestamp=2025-11-19T21:21:28.3 (truncated)...]
2025-11-19T21:21:28.340+01:00 DEBUG 11656 --- [           main] .m.m.a.ExceptionHandlerExceptionResolver : Resolved [es.iesguzman.demo.exception.PedidoNotFoundException: Pedido no encontrado]
]]></system-out>
  </testcase>
  <testcase name="testUpdateEstadoPedidoRetorna200" classname="es.iesguzman.demo.controller.PedidoControllerIntegrationTest" time="0.012">
    <error message="Java 8 date/time type `java.time.LocalDateTime` not supported by default: add Module &quot;com.fasterxml.jackson.datatype:jackson-datatype-jsr310&quot; to enable handling&#10; at [Source: REDACTED (`StreamReadFeature.INCLUDE_SOURCE_IN_LOCATION` disabled); line: 1, column: 104] (through reference chain: es.iesguzman.demo.dto.PedidoResponseDto[&quot;fechaCreacion&quot;])" type="com.fasterxml.jackson.databind.exc.InvalidDefinitionException"><![CDATA[com.fasterxml.jackson.databind.exc.InvalidDefinitionException: 
Java 8 date/time type `java.time.LocalDateTime` not supported by default: add Module "com.fasterxml.jackson.datatype:jackson-datatype-jsr310" to enable handling
 at [Source: REDACTED (`StreamReadFeature.INCLUDE_SOURCE_IN_LOCATION` disabled); line: 1, column: 104] (through reference chain: es.iesguzman.demo.dto.PedidoResponseDto["fechaCreacion"])
	at com.fasterxml.jackson.databind.exc.InvalidDefinitionException.from(InvalidDefinitionException.java:67)
	at com.fasterxml.jackson.databind.DeserializationContext.reportBadDefinition(DeserializationContext.java:1887)
	at com.fasterxml.jackson.databind.deser.impl.UnsupportedTypeDeserializer.deserialize(UnsupportedTypeDeserializer.java:48)
	at com.fasterxml.jackson.databind.deser.impl.MethodProperty.deserializeAndSet(MethodProperty.java:129)
	at com.fasterxml.jackson.databind.deser.BeanDeserializer.vanillaDeserialize(BeanDeserializer.java:310)
	at com.fasterxml.jackson.databind.deser.BeanDeserializer.deserialize(BeanDeserializer.java:177)
	at com.fasterxml.jackson.databind.deser.DefaultDeserializationContext.readRootValue(DefaultDeserializationContext.java:342)
	at com.fasterxml.jackson.databind.ObjectMapper._readMapAndClose(ObjectMapper.java:4905)
	at com.fasterxml.jackson.databind.ObjectMapper.readValue(ObjectMapper.java:3848)
	at com.fasterxml.jackson.databind.ObjectMapper.readValue(ObjectMapper.java:3816)
	at es.iesguzman.demo.controller.PedidoControllerIntegrationTest.testUpdateEstadoPedidoRetorna200(PedidoControllerIntegrationTest.java:185)
	at java.base/java.lang.reflect.Method.invoke(Method.java:580)
	at java.base/java.util.ArrayList.forEach(ArrayList.java:1596)
	at java.base/java.util.ArrayList.forEach(ArrayList.java:1596)
]]></error>
    <system-out><![CDATA[2025-11-19T21:21:28.347+01:00 DEBUG 11656 --- [           main] s.w.s.m.m.a.RequestMappingHandlerMapping : Mapped to es.iesguzman.demo.controller.PedidoController#updateEstadoPedido(Long, EstadoPedido)
2025-11-19T21:21:28.347+01:00 DEBUG 11656 --- [           main] m.m.a.RequestResponseBodyMethodProcessor : Read "application/json;charset=UTF-8" to [ENVIADO]
2025-11-19T21:21:28.348+01:00 DEBUG 11656 --- [           main] o.s.w.s.m.m.a.HttpEntityMethodProcessor  : Using 'application/json', given [*/*] and supported [application/json, application/*+json]
2025-11-19T21:21:28.348+01:00 DEBUG 11656 --- [           main] o.s.w.s.m.m.a.HttpEntityMethodProcessor  : Writing [PedidoResponseDto(id=1, usuario=null, producto=null, cantidad=2, total=1999.98, estado=ENVIADO, fech (truncated)...]

MockHttpServletRequest:
      HTTP Method = PUT
      Request URI = /api/pedidos/1/estado
       Parameters = {}
          Headers = [Content-Type:"application/json;charset=UTF-8", Content-Length:"9"]
             Body = "ENVIADO"
    Session Attrs = {}

Handler:
             Type = es.iesguzman.demo.controller.PedidoController
           Method = es.iesguzman.demo.controller.PedidoController#updateEstadoPedido(Long, EstadoPedido)

Async:
    Async started = false
     Async result = null

Resolved Exception:
             Type = null

ModelAndView:
        View name = null
             View = null
            Model = null

FlashMap:
       Attributes = null

MockHttpServletResponse:
           Status = 200
    Error message = null
          Headers = [Content-Type:"application/json"]
     Content type = application/json
             Body = {"id":1,"usuario":null,"producto":null,"cantidad":2,"total":1999.98,"estado":"ENVIADO","fechaCreacion":"2025-11-19T21:21:28.3464648","fechaActualizacion":null}
    Forwarded URL = null
   Redirected URL = null
          Cookies = []
]]></system-out>
  </testcase>
  <testcase name="testGetPedidoByIdRetorna200" classname="es.iesguzman.demo.controller.PedidoControllerIntegrationTest" time="0.012">
    <error message="Java 8 date/time type `java.time.LocalDateTime` not supported by default: add Module &quot;com.fasterxml.jackson.datatype:jackson-datatype-jsr310&quot; to enable handling&#10; at [Source: REDACTED (`StreamReadFeature.INCLUDE_SOURCE_IN_LOCATION` disabled); line: 1, column: 106] (through reference chain: es.iesguzman.demo.dto.PedidoResponseDto[&quot;fechaCreacion&quot;])" type="com.fasterxml.jackson.databind.exc.InvalidDefinitionException"><![CDATA[com.fasterxml.jackson.databind.exc.InvalidDefinitionException: 
Java 8 date/time type `java.time.LocalDateTime` not supported by default: add Module "com.fasterxml.jackson.datatype:jackson-datatype-jsr310" to enable handling
 at [Source: REDACTED (`StreamReadFeature.INCLUDE_SOURCE_IN_LOCATION` disabled); line: 1, column: 106] (through reference chain: es.iesguzman.demo.dto.PedidoResponseDto["fechaCreacion"])
	at com.fasterxml.jackson.databind.exc.InvalidDefinitionException.from(InvalidDefinitionException.java:67)
	at com.fasterxml.jackson.databind.DeserializationContext.reportBadDefinition(DeserializationContext.java:1887)
	at com.fasterxml.jackson.databind.deser.impl.UnsupportedTypeDeserializer.deserialize(UnsupportedTypeDeserializer.java:48)
	at com.fasterxml.jackson.databind.deser.impl.MethodProperty.deserializeAndSet(MethodProperty.java:129)
	at com.fasterxml.jackson.databind.deser.BeanDeserializer.vanillaDeserialize(BeanDeserializer.java:310)
	at com.fasterxml.jackson.databind.deser.BeanDeserializer.deserialize(BeanDeserializer.java:177)
	at com.fasterxml.jackson.databind.deser.DefaultDeserializationContext.readRootValue(DefaultDeserializationContext.java:342)
	at com.fasterxml.jackson.databind.ObjectMapper._readMapAndClose(ObjectMapper.java:4905)
	at com.fasterxml.jackson.databind.ObjectMapper.readValue(ObjectMapper.java:3848)
	at com.fasterxml.jackson.databind.ObjectMapper.readValue(ObjectMapper.java:3816)
	at es.iesguzman.demo.controller.PedidoControllerIntegrationTest.testGetPedidoByIdRetorna200(PedidoControllerIntegrationTest.java:92)
	at java.base/java.lang.reflect.Method.invoke(Method.java:580)
	at java.base/java.util.ArrayList.forEach(ArrayList.java:1596)
	at java.base/java.util.ArrayList.forEach(ArrayList.java:1596)
]]></error>
    <system-out><![CDATA[2025-11-19T21:21:28.362+01:00 DEBUG 11656 --- [           main] s.w.s.m.m.a.RequestMappingHandlerMapping : Mapped to es.iesguzman.demo.controller.PedidoController#getPedidoById(Long)
2025-11-19T21:21:28.362+01:00 DEBUG 11656 --- [           main] o.s.w.s.m.m.a.HttpEntityMethodProcessor  : Using 'application/json', given [*/*] and supported [application/json, application/*+json]
2025-11-19T21:21:28.362+01:00 DEBUG 11656 --- [           main] o.s.w.s.m.m.a.HttpEntityMethodProcessor  : Writing [PedidoResponseDto(id=1, usuario=null, producto=null, cantidad=2, total=1999.98, estado=PENDIENTE, fe (truncated)...]

MockHttpServletRequest:
      HTTP Method = GET
      Request URI = /api/pedidos/1
       Parameters = {}
          Headers = []
             Body = null
    Session Attrs = {}

Handler:
             Type = es.iesguzman.demo.controller.PedidoController
           Method = es.iesguzman.demo.controller.PedidoController#getPedidoById(Long)

Async:
    Async started = false
     Async result = null

Resolved Exception:
             Type = null

ModelAndView:
        View name = null
             View = null
            Model = null

FlashMap:
       Attributes = null

MockHttpServletResponse:
           Status = 200
    Error message = null
          Headers = [Content-Type:"application/json"]
     Content type = application/json
             Body = {"id":1,"usuario":null,"producto":null,"cantidad":2,"total":1999.98,"estado":"PENDIENTE","fechaCreacion":"2025-11-19T21:21:28.36151","fechaActualizacion":null}
    Forwarded URL = null
   Redirected URL = null
          Cookies = []
]]></system-out>
  </testcase>
  <testcase name="testGetPedidoByIdRetorna404" classname="es.iesguzman.demo.controller.PedidoControllerIntegrationTest" time="0.011">
    <system-out><![CDATA[2025-11-19T21:21:28.376+01:00 DEBUG 11656 --- [           main] s.w.s.m.m.a.RequestMappingHandlerMapping : Mapped to es.iesguzman.demo.controller.PedidoController#getPedidoById(Long)
2025-11-19T21:21:28.378+01:00 DEBUG 11656 --- [           main] .m.m.a.ExceptionHandlerExceptionResolver : Using @ExceptionHandler es.iesguzman.demo.exception.GlobalExceptionHandler#handleNotFoundException(RuntimeException)
2025-11-19T21:21:28.378+01:00 DEBUG 11656 --- [           main] o.s.w.s.m.m.a.HttpEntityMethodProcessor  : Using 'application/json', given [*/*] and supported [application/json, application/*+json]
2025-11-19T21:21:28.378+01:00 DEBUG 11656 --- [           main] o.s.w.s.m.m.a.HttpEntityMethodProcessor  : Writing [ErrorResponse(status=404, message=Pedido no encontrado, errors=null, timestamp=2025-11-19T21:21:28.3 (truncated)...]
2025-11-19T21:21:28.379+01:00 DEBUG 11656 --- [           main] .m.m.a.ExceptionHandlerExceptionResolver : Resolved [es.iesguzman.demo.exception.PedidoNotFoundException: Pedido no encontrado]
]]></system-out>
  </testcase>
  <testcase name="testGetAllPedidosRetorna200" classname="es.iesguzman.demo.controller.PedidoControllerIntegrationTest" time="0.011">
    <error message="Java 8 date/time type `java.time.LocalDateTime` not supported by default: add Module &quot;com.fasterxml.jackson.datatype:jackson-datatype-jsr310&quot; to enable handling&#10; at [Source: REDACTED (`StreamReadFeature.INCLUDE_SOURCE_IN_LOCATION` disabled); line: 1, column: 107] (through reference chain: java.util.ArrayList[0]-&gt;es.iesguzman.demo.dto.PedidoResponseDto[&quot;fechaCreacion&quot;])" type="com.fasterxml.jackson.databind.exc.InvalidDefinitionException"><![CDATA[com.fasterxml.jackson.databind.exc.InvalidDefinitionException: 
Java 8 date/time type `java.time.LocalDateTime` not supported by default: add Module "com.fasterxml.jackson.datatype:jackson-datatype-jsr310" to enable handling
 at [Source: REDACTED (`StreamReadFeature.INCLUDE_SOURCE_IN_LOCATION` disabled); line: 1, column: 107] (through reference chain: java.util.ArrayList[0]->es.iesguzman.demo.dto.PedidoResponseDto["fechaCreacion"])
	at com.fasterxml.jackson.databind.exc.InvalidDefinitionException.from(InvalidDefinitionException.java:67)
	at com.fasterxml.jackson.databind.DeserializationContext.reportBadDefinition(DeserializationContext.java:1887)
	at com.fasterxml.jackson.databind.deser.impl.UnsupportedTypeDeserializer.deserialize(UnsupportedTypeDeserializer.java:48)
	at com.fasterxml.jackson.databind.deser.impl.MethodProperty.deserializeAndSet(MethodProperty.java:129)
	at com.fasterxml.jackson.databind.deser.BeanDeserializer.vanillaDeserialize(BeanDeserializer.java:310)
	at com.fasterxml.jackson.databind.deser.BeanDeserializer.deserialize(BeanDeserializer.java:177)
	at com.fasterxml.jackson.databind.deser.std.CollectionDeserializer._deserializeFromArray(CollectionDeserializer.java:361)
	at com.fasterxml.jackson.databind.deser.std.CollectionDeserializer.deserialize(CollectionDeserializer.java:246)
	at com.fasterxml.jackson.databind.deser.std.CollectionDeserializer.deserialize(CollectionDeserializer.java:30)
	at com.fasterxml.jackson.databind.deser.DefaultDeserializationContext.readRootValue(DefaultDeserializationContext.java:342)
	at com.fasterxml.jackson.databind.ObjectMapper._readMapAndClose(ObjectMapper.java:4905)
	at com.fasterxml.jackson.databind.ObjectMapper.readValue(ObjectMapper.java:3848)
	at es.iesguzman.demo.controller.PedidoControllerIntegrationTest.testGetAllPedidosRetorna200(PedidoControllerIntegrationTest.java:62)
	at java.base/java.lang.reflect.Method.invoke(Method.java:580)
	at java.base/java.util.ArrayList.forEach(ArrayList.java:1596)
	at java.base/java.util.ArrayList.forEach(ArrayList.java:1596)
]]></error>
    <system-out><![CDATA[2025-11-19T21:21:28.387+01:00 DEBUG 11656 --- [           main] s.w.s.m.m.a.RequestMappingHandlerMapping : Mapped to es.iesguzman.demo.controller.PedidoController#getAllPedidos()
2025-11-19T21:21:28.388+01:00 DEBUG 11656 --- [           main] o.s.w.s.m.m.a.HttpEntityMethodProcessor  : Using 'application/json', given [*/*] and supported [application/json, application/*+json]
2025-11-19T21:21:28.388+01:00 DEBUG 11656 --- [           main] o.s.w.s.m.m.a.HttpEntityMethodProcessor  : Writing [[PedidoResponseDto(id=1, usuario=null, producto=null, cantidad=2, total=1999.98, estado=PENDIENTE, f (truncated)...]

MockHttpServletRequest:
      HTTP Method = GET
      Request URI = /api/pedidos
       Parameters = {}
          Headers = []
             Body = null
    Session Attrs = {}

Handler:
             Type = es.iesguzman.demo.controller.PedidoController
           Method = es.iesguzman.demo.controller.PedidoController#getAllPedidos()

Async:
    Async started = false
     Async result = null

Resolved Exception:
             Type = null

ModelAndView:
        View name = null
             View = null
            Model = null

FlashMap:
       Attributes = null

MockHttpServletResponse:
           Status = 200
    Error message = null
          Headers = [Content-Type:"application/json"]
     Content type = application/json
             Body = [{"id":1,"usuario":null,"producto":null,"cantidad":2,"total":1999.98,"estado":"PENDIENTE","fechaCreacion":"2025-11-19T21:21:28.3861036","fechaActualizacion":null},{"id":2,"usuario":null,"producto":null,"cantidad":1,"total":25.5,"estado":"ENVIADO","fechaCreacion":"2025-11-19T21:21:28.3861036","fechaActualizacion":null}]
    Forwarded URL = null
   Redirected URL = null
          Cookies = []
]]></system-out>
  </testcase>
  <testcase name="testCreatePedidoConDatosInvalidosRetorna400" classname="es.iesguzman.demo.controller.PedidoControllerIntegrationTest" time="0.023">
    <system-out><![CDATA[2025-11-19T21:21:28.397+01:00 DEBUG 11656 --- [           main] s.w.s.m.m.a.RequestMappingHandlerMapping : Mapped to es.iesguzman.demo.controller.PedidoController#createPedido(PedidoRequestDto)
2025-11-19T21:21:28.407+01:00 DEBUG 11656 --- [           main] m.m.a.RequestResponseBodyMethodProcessor : Read "application/json;charset=UTF-8" to [PedidoRequestDto(usuarioId=1, productoId=1, cantidad=null)]
2025-11-19T21:21:28.410+01:00 DEBUG 11656 --- [           main] .m.m.a.ExceptionHandlerExceptionResolver : Using @ExceptionHandler es.iesguzman.demo.exception.GlobalExceptionHandler#handleValidationException(MethodArgumentNotValidException)
2025-11-19T21:21:28.411+01:00 DEBUG 11656 --- [           main] o.s.w.s.m.m.a.HttpEntityMethodProcessor  : Using 'application/json', given [*/*] and supported [application/json, application/*+json]
2025-11-19T21:21:28.412+01:00 DEBUG 11656 --- [           main] o.s.w.s.m.m.a.HttpEntityMethodProcessor  : Writing [ErrorResponse(status=400, message=Datos inválidos, errors=[cantidad: La cantidad es obligatoria], ti (truncated)...]
2025-11-19T21:21:28.413+01:00 DEBUG 11656 --- [           main] .m.m.a.ExceptionHandlerExceptionResolver : Resolved [org.springframework.web.bind.MethodArgumentNotValidException: Validation failed for argument [0] in public org.springframework.http.ResponseEntity<es.iesguzman.demo.dto.PedidoResponseDto> es.iesguzman.demo.controller.PedidoController.createPedido(es.iesguzman.demo.dto.PedidoRequestDto): [Field error in object 'pedidoRequestDto' on field 'cantidad': rejected value [null]; codes [NotNull.pedidoRequestDto.cantidad,NotNull.cantidad,NotNull.java.lang.Integer,NotNull]; arguments [org.springframework.context.support.DefaultMessageSourceResolvable: codes [pedidoRequestDto.cantidad,cantidad]; arguments []; default message [cantidad]]; default message [La cantidad es obligatoria]] ]
]]></system-out>
  </testcase>
  <testcase name="testDeletePedidoRetorna204" classname="es.iesguzman.demo.controller.PedidoControllerIntegrationTest" time="0.011">
    <system-out><![CDATA[2025-11-19T21:21:28.423+01:00 DEBUG 11656 --- [           main] s.w.s.m.m.a.RequestMappingHandlerMapping : Mapped to es.iesguzman.demo.controller.PedidoController#deletePedido(Long)
2025-11-19T21:21:28.427+01:00 DEBUG 11656 --- [           main] o.s.w.s.m.m.a.HttpEntityMethodProcessor  : Using 'application/json', given [*/*] and supported [application/json, application/*+json]
2025-11-19T21:21:28.427+01:00 DEBUG 11656 --- [           main] o.s.w.s.m.m.a.HttpEntityMethodProcessor  : Nothing to write: null body
]]></system-out>
  </testcase>
</testsuite>