<?xml version="1.0" encoding="UTF-8"?>
<testsuite xmlns:xsi="http://www.w3.org/2001/XMLSchema-instance" xsi:noNamespaceSchemaLocation="https://maven.apache.org/surefire/maven-surefire-plugin/xsd/surefire-test-report-3.0.xsd" version="3.0" name="es.iesguzman.demo.controller.UsuarioControllerIntegrationTest" time="1.263" tests="1" errors="0" skipped="0" failures="0">
  <properties>
[...]
</properties>
  <testcase name="testGetAllUsuarios" classname="es.iesguzman.demo.controller.UsuarioControllerIntegrationTest" time="0.014">
    <system-out><![CDATA[2025-11-19T21:21:32.473+01:00  INFO 11656 --- [           main] t.c.s.AnnotationConfigContextLoaderUtils : Could not detect default configuration classes for test class [es.iesguzman.demo.controller.UsuarioControllerIntegrationTest]: UsuarioControllerIntegrationTest does not declare any static, non-private, non-final, nested classes annotated with @Configuration.
2025-11-19T21:21:32.475+01:00  INFO 11656 --- [           main] .b.t.c.SpringBootTestContextBootstrapper : Found @SpringBootConfiguration es.iesguzman.demo.MainApplication for test class es.iesguzman.demo.controller.UsuarioControllerIntegrationTest

  .   ____          _            __ _ _
 /\\ / ___'_ __ _ _(_)_ __  __ _ \ \ \ \
( ( )\___ | '_ | '_| | '_ \/ _` | \ \ \ \
 \\/  ___)| |_)| | | | | || (_| |  ) ) ) )
  '  |____| .__|_| |_|_| |_\__, | / / / /
 =========|_|==============|___/=/_/_/_/

 :: Spring Boot ::                (v3.3.4)

2025-11-19T21:21:32.497+01:00  INFO 11656 --- [           main] e.i.d.c.UsuarioControllerIntegrationTest : Starting UsuarioControllerIntegrationTest using Java 21.0.8 with PID 11656 (started by madrid in C:\Users\madrid\ws\Labs_DWES_2526\T1\UT5\Labs\Lab4)
2025-11-19T21:21:32.497+01:00 DEBUG 11656 --- [           main] e.i.d.c.UsuarioControllerIntegrationTest : Running with Spring Boot v3.3.4, Spring v6.1.13
2025-11-19T21:21:32.497+01:00  INFO 11656 --- [           main] e.i.d.c.UsuarioControllerIntegrationTest : No active profile set, falling back to 1 default profile: "default"
2025-11-19T21:21:32.498+01:00 DEBUG 11656 --- [           main] o.s.w.c.s.GenericWebApplicationContext   : Refreshing org.springframework.web.context.support.GenericWebApplicationContext@923b15c
2025-11-19T21:21:32.869+01:00  INFO 11656 --- [           main] .s.d.r.c.RepositoryConfigurationDelegate : Bootstrapping Spring Data JPA repositories in DEFAULT mode.
2025-11-19T21:21:32.881+01:00  INFO 11656 --- [           main] .s.d.r.c.RepositoryConfigurationDelegate : Finished Spring Data repository scanning in 11 ms. Found 5 JPA repository interfaces.
2025-11-19T21:21:33.003+01:00  INFO 11656 --- [           main] o.hibernate.jpa.internal.util.LogHelper  : HHH000204: Processing PersistenceUnitInfo [name: default]
2025-11-19T21:21:33.005+01:00  INFO 11656 --- [           main] o.h.c.internal.RegionFactoryInitiator    : HHH000026: Second-level cache disabled
2025-11-19T21:21:33.014+01:00  INFO 11656 --- [           main] o.s.o.j.p.SpringPersistenceUnitInfo      : No LoadTimeWeaver setup: ignoring JPA class transformer
2025-11-19T21:21:33.015+01:00  INFO 11656 --- [           main] com.zaxxer.hikari.HikariDataSource       : HikariPool-5 - Starting...
2025-11-19T21:21:33.032+01:00  INFO 11656 --- [           main] com.zaxxer.hikari.pool.HikariPool        : HikariPool-5 - Added connection com.mysql.cj.jdbc.ConnectionImpl@68915674
2025-11-19T21:21:33.033+01:00  INFO 11656 --- [           main] com.zaxxer.hikari.HikariDataSource       : HikariPool-5 - Start completed.
2025-11-19T21:21:33.120+01:00  INFO 11656 --- [           main] o.h.e.t.j.p.i.JtaPlatformInitiator       : HHH000489: No JTA platform available (set 'hibernate.transaction.jta.platform' to enable JTA platform integration)
2025-11-19T21:21:33.223+01:00  INFO 11656 --- [           main] j.LocalContainerEntityManagerFactoryBean : Initialized JPA EntityManagerFactory for persistence unit 'default'
2025-11-19T21:21:33.446+01:00  WARN 11656 --- [           main] JpaBaseConfiguration$JpaWebConfiguration : spring.jpa.open-in-view is enabled by default. Therefore, database queries may be performed during view rendering. Explicitly configure spring.jpa.open-in-view to disable this warning
2025-11-19T21:21:33.486+01:00 DEBUG 11656 --- [           main] s.w.s.m.m.a.RequestMappingHandlerMapping : 32 mappings in 'requestMappingHandlerMapping'
2025-11-19T21:21:33.534+01:00 DEBUG 11656 --- [           main] o.s.w.s.handler.SimpleUrlHandlerMapping  : Patterns [/webjars/**, /**] in 'resourceHandlerMapping'
2025-11-19T21:21:33.545+01:00 DEBUG 11656 --- [           main] s.w.s.m.m.a.RequestMappingHandlerAdapter : ControllerAdvice beans: 0 @ModelAttribute, 0 @InitBinder, 1 RequestBodyAdvice, 1 ResponseBodyAdvice
2025-11-19T21:21:33.550+01:00 DEBUG 11656 --- [           main] .m.m.a.ExceptionHandlerExceptionResolver : ControllerAdvice beans: 1 @ExceptionHandler, 1 ResponseBodyAdvice
2025-11-19T21:21:33.699+01:00 DEBUG 11656 --- [           main] o.s.w.f.ServerHttpObservationFilter      : Filter 'webMvcObservationFilter' configured for use
2025-11-19T21:21:33.699+01:00  INFO 11656 --- [           main] o.s.b.t.m.w.SpringBootMockServletContext : Initializing Spring TestDispatcherServlet ''
2025-11-19T21:21:33.699+01:00  INFO 11656 --- [           main] o.s.t.web.servlet.TestDispatcherServlet  : Initializing Servlet ''
2025-11-19T21:21:33.702+01:00  INFO 11656 --- [           main] o.s.b.a.e.web.EndpointLinksResolver      : Exposing 2 endpoints beneath base path '/actuator'
2025-11-19T21:21:33.709+01:00  INFO 11656 --- [           main] o.s.t.web.servlet.TestDispatcherServlet  : Completed initialization in 9 ms
2025-11-19T21:21:33.719+01:00  INFO 11656 --- [           main] e.i.d.c.UsuarioControllerIntegrationTest : Started UsuarioControllerIntegrationTest in 1.241 seconds (process running for 24.323)
2025-11-19T21:21:33.723+01:00 DEBUG 11656 --- [           main] s.w.s.m.m.a.RequestMappingHandlerMapping : Mapped to es.iesguzman.demo.controller.UsuarioController#getAllUsuarios()
2025-11-19T21:21:33.725+01:00 DEBUG 11656 --- [           main] o.s.w.s.m.m.a.HttpEntityMethodProcessor  : Using 'application/json', given [application/json] and supported [application/json, application/*+json]
2025-11-19T21:21:33.727+01:00 DEBUG 11656 --- [           main] o.s.w.s.m.m.a.HttpEntityMethodProcessor  : Writing [[UsuarioResponseDto(id=1, username=usuario1, email=usuario1@example.com, fechaCreacion=2025-11-19T21 (truncated)...]
]]></system-out>
  </testcase>
</testsuite>